  icode   ic inum1 inum2 inum3   subed  recmonps reccnstps  flow(m^3)   sed(t)      orgn(kg)    orgp(kg)    nitrate(kg) sol.p(kg)   sol.pst(mg) sor.pst(mg)
       1        1        1        0        0        0                         0.4603E+09  0.8531E+07  0.1576E+07  0.7266E+06  0.8356E+06  0.3331E+04  0.0000E+00  0.0000E+00
       1        2        2        0        0        0                         0.1549E+10  0.2084E+08  0.3601E+07  0.2070E+07  0.2853E+07  0.1019E+05  0.0000E+00  0.0000E+00
       1        3        3        0        0        0                         0.1836E+10  0.8535E+08  0.3605E+07  0.1614E+07  0.1301E+06  0.3138E+03  0.0000E+00  0.0000E+00
       1        4        4        0        0        0                         0.3763E+09  0.6791E+06  0.6490E+06  0.5120E+06  0.7961E+06  0.7563E+04  0.0000E+00  0.0000E+00
       1        5        5        0        0        0                         0.3503E+08  0.1257E+06  0.6889E+05  0.5366E+05  0.7767E+05  0.6249E+03  0.0000E+00  0.0000E+00
       1        6        6        0        0        0                         0.2144E+08  0.3701E+04  0.7423E+04  0.3375E+04  0.3056E+04  0.7621E+02  0.0000E+00  0.0000E+00
       1        7        7        0        0        0                         0.8163E+09  0.2190E+07  0.1321E+07  0.9961E+06  0.1553E+07  0.1169E+05  0.0000E+00  0.0000E+00
       1        8        8        0        0        0                         0.3347E+09  0.2801E+06  0.3682E+06  0.2734E+06  0.6651E+06  0.9804E+04  0.0000E+00  0.0000E+00
       1        9        9        0        0        0                         0.6031E+09  0.2732E+08  0.1241E+07  0.5556E+06  0.4364E+05  0.1296E+03  0.0000E+00  0.0000E+00
       1       10       10        0        0        0                         0.5134E+09  0.1659E+08  0.1159E+07  0.5166E+06  0.3924E+05  0.1631E+03  0.0000E+00  0.0000E+00
       1       11       11        0        0        0                         0.5950E+09  0.1907E+08  0.1312E+07  0.5851E+06  0.4490E+05  0.1586E+03  0.0000E+00  0.0000E+00
       1       12       12        0        0        0                         0.2428E+08  0.6688E+06  0.5878E+05  0.2606E+05  0.1860E+04  0.1064E+02  0.0000E+00  0.0000E+00
       1       13       13        0        0        0                         0.1727E+08  0.1954E+06  0.4622E+05  0.2039E+05  0.1363E+04  0.1631E+02  0.0000E+00  0.0000E+00
       1       14       14        0        0        0                         0.1358E+10  0.2616E+08  0.3074E+07  0.1363E+07  0.1050E+06  0.5517E+03  0.0000E+00  0.0000E+00
       1       15       15        0        0        0                         0.8925E+08  0.7456E+05  0.9283E+05  0.6855E+05  0.1811E+06  0.2852E+04  0.0000E+00  0.0000E+00
       1       16       16        0        0        0                         0.3838E+09  0.1615E+06  0.2574E+06  0.1785E+06  0.6485E+06  0.1124E+05  0.0000E+00  0.0000E+00
       1       17       17        0        0        0                         0.1494E+10  0.2649E+08  0.3417E+07  0.1513E+07  0.1112E+06  0.6507E+03  0.0000E+00  0.0000E+00
       1       18       18        0        0        0                         0.5387E+09  0.3582E+06  0.4648E+06  0.3282E+06  0.9781E+06  0.1421E+05  0.0000E+00  0.0000E+00
       1       19       19        0        0        0                         0.1693E+07  0.2876E+04  0.2454E+04  0.1623E+04  0.3711E+04  0.4671E+02  0.0000E+00  0.0000E+00
       1       20       20        0        0        0                         0.1172E+08  0.7666E+04  0.1060E+05  0.7387E+04  0.2413E+05  0.4397E+03  0.0000E+00  0.0000E+00
       1       21       21        0        0        0                         0.1025E+10  0.2604E+08  0.2295E+07  0.1021E+07  0.7691E+05  0.3380E+03  0.0000E+00  0.0000E+00
       1       22       22        0        0        0                         0.2889E+09  0.3734E+06  0.3469E+06  0.2467E+06  0.5412E+06  0.5945E+04  0.0000E+00  0.0000E+00
       1       23       23        0        0        0                         0.4909E+08  0.1364E+05  0.2515E+05  0.1696E+05  0.9508E+05  0.1815E+04  0.0000E+00  0.0000E+00
       1       24       24        0        0        0                         0.5047E+09  0.3909E+06  0.5151E+06  0.3827E+06  0.1021E+07  0.1608E+05  0.0000E+00  0.0000E+00
       1       25       25        0        0        0                         0.6108E+09  0.9306E+06  0.7710E+06  0.5395E+06  0.1158E+07  0.1016E+05  0.0000E+00  0.0000E+00
       1       26       26        0        0        0                         0.7608E+09  0.1042E+07  0.9419E+06  0.6743E+06  0.1495E+07  0.1543E+05  0.0000E+00  0.0000E+00
       1       27       27        0        0        0                         0.5956E+08  0.3066E+07  0.1348E+06  0.6022E+05  0.4422E+04  0.1784E+02  0.0000E+00  0.0000E+00
       1       28       28        0        0        0                         0.1615E+09  0.4171E+06  0.2548E+06  0.1907E+06  0.3177E+06  0.2555E+04  0.0000E+00  0.0000E+00
       1       29       29        0        0        0                         0.6917E+09  0.4379E+06  0.6128E+06  0.4293E+06  0.1178E+07  0.1772E+05  0.0000E+00  0.0000E+00
       1       30       30        0        0        0                         0.1580E+09  0.6730E+05  0.1056E+06  0.7325E+05  0.2802E+06  0.4850E+04  0.0000E+00  0.0000E+00
       1       31       31        0        0        0                         0.6999E+09  0.1468E+07  0.9937E+06  0.7013E+06  0.1372E+07  0.1060E+05  0.0000E+00  0.0000E+00
       1       32       32        0        0        0                         0.4469E+09  0.1447E+07  0.7375E+06  0.5464E+06  0.8779E+06  0.5911E+04  0.0000E+00  0.0000E+00
       1       33       33        0        0        0                         0.6234E+09  0.1935E+07  0.1222E+07  0.9487E+06  0.1317E+07  0.1023E+05  0.0000E+00  0.0000E+00
       1       34       34        0        0        0                         0.1166E+09  0.6802E+05  0.9381E+05  0.6525E+05  0.2100E+06  0.3381E+04  0.0000E+00  0.0000E+00
       1       35       35        0        0        0                         0.3717E+09  0.4432E+06  0.4338E+06  0.3084E+06  0.7021E+06  0.7542E+04  0.0000E+00  0.0000E+00
       1       36       36        0        0        0                         0.4161E+09  0.1113E+07  0.6831E+06  0.5196E+06  0.8381E+06  0.7034E+04  0.0000E+00  0.0000E+00
       1       37       37        0        0        0                         0.7803E+09  0.1283E+07  0.1017E+07  0.7065E+06  0.1431E+07  0.1285E+05  0.0000E+00  0.0000E+00
       1       38       38        0        0        0                         0.1165E+10  0.1186E+07  0.1258E+07  0.8853E+06  0.2227E+07  0.2325E+05  0.0000E+00  0.0000E+00
       1       39       39        0        0        0                         0.1998E+07  0.7380E+04  0.3347E+04  0.2015E+04  0.4059E+04  0.3343E+02  0.0000E+00  0.0000E+00
       1       40       40        0        0        0                         0.2736E+09  0.2802E+06  0.3341E+06  0.2515E+06  0.5726E+06  0.7229E+04  0.0000E+00  0.0000E+00
       1       41       41        0        0        0                         0.2336E+09  0.4305E+06  0.3275E+06  0.2293E+06  0.4463E+06  0.3777E+04  0.0000E+00  0.0000E+00
       1       42       42        0        0        0                         0.2655E+09  0.2521E+06  0.2769E+06  0.1918E+06  0.5207E+06  0.5535E+04  0.0000E+00  0.0000E+00
       1       43       43        0        0        0                         0.7454E+09  0.4891E+06  0.6394E+06  0.4499E+06  0.1364E+07  0.1840E+05  0.0000E+00  0.0000E+00
       1       44       44        0        0        0                         0.4869E+09  0.3762E+06  0.5195E+06  0.3886E+06  0.1018E+07  0.1464E+05  0.0000E+00  0.0000E+00
       1       45       45        0        0        0                         0.9129E+09  0.8364E+06  0.9009E+06  0.6244E+06  0.1636E+07  0.1912E+05  0.0000E+00  0.0000E+00
       1       46       46        0        0        0                         0.1159E+08  0.3719E+04  0.7050E+04  0.4704E+04  0.2338E+05  0.5279E+03  0.0000E+00  0.0000E+00
       1       47       47        0        0        0                         0.4130E+09  0.2740E+06  0.3464E+06  0.2387E+06  0.7746E+06  0.9525E+04  0.0000E+00  0.0000E+00
       1       48       48        0        0        0                         0.8619E+08  0.8761E+05  0.8941E+05  0.6117E+05  0.1627E+06  0.1939E+04  0.0000E+00  0.0000E+00
       1       49       49        0        0        0                         0.3116E+09  0.2226E+06  0.2892E+06  0.2045E+06  0.5511E+06  0.7964E+04  0.0000E+00  0.0000E+00
       1       50       50        0        0        0                         0.1103E+10  0.2921E+07  0.1777E+07  0.1267E+07  0.2160E+07  0.1386E+05  0.0000E+00  0.0000E+00
       1       51       51        0        0        0                         0.5014E+09  0.1158E+08  0.1153E+07  0.5127E+06  0.3786E+05  0.1881E+03  0.0000E+00  0.0000E+00
       1       52       52        0        0        0                         0.5891E+09  0.6353E+06  0.6439E+06  0.4588E+06  0.1092E+07  0.1218E+05  0.0000E+00  0.0000E+00
       1       53       53        0        0        0                         0.1337E+10  0.5375E+06  0.8725E+06  0.6262E+06  0.2482E+07  0.4117E+05  0.0000E+00  0.0000E+00
       1       54       54        0        0        0                         0.2012E+10  0.3606E+07  0.2878E+07  0.2120E+07  0.4005E+07  0.3107E+05  0.0000E+00  0.0000E+00
       1       55       55        0        0        0                         0.5305E+09  0.3053E+06  0.4143E+06  0.2835E+06  0.9573E+06  0.1259E+05  0.0000E+00  0.0000E+00
       1       56       56        0        0        0                         0.4299E+09  0.4598E+06  0.5328E+06  0.4022E+06  0.9531E+06  0.1131E+05  0.0000E+00  0.0000E+00
       1       57       57        0        0        0                         0.9163E+08  0.4934E+05  0.7263E+05  0.5224E+05  0.1694E+06  0.3028E+04  0.0000E+00  0.0000E+00
       1       58       58        0        0        0                         0.3052E+09  0.3867E+06  0.3518E+06  0.2443E+06  0.5903E+06  0.6277E+04  0.0000E+00  0.0000E+00
       1       59       59        0        0        0                         0.4109E+09  0.5387E+06  0.4959E+06  0.3537E+06  0.7761E+06  0.8773E+04  0.0000E+00  0.0000E+00
       1       60       60        0        0        0                         0.3255E+09  0.7877E+05  0.1408E+06  0.9639E+05  0.5966E+06  0.1085E+05  0.0000E+00  0.0000E+00
       1       61       61        0        0        0                         0.2695E+08  0.4500E+05  0.3658E+05  0.2697E+05  0.5578E+05  0.6917E+03  0.0000E+00  0.0000E+00
       1       62       62        0        0        0                         0.1255E+09  0.1696E+06  0.1509E+06  0.1063E+06  0.2379E+06  0.2559E+04  0.0000E+00  0.0000E+00
       1       63       63        0        0        0                         0.8421E+09  0.3362E+06  0.5333E+06  0.3835E+06  0.1601E+07  0.2722E+05  0.0000E+00  0.0000E+00
       1       64       64        0        0        0                         0.1686E+09  0.1482E+06  0.1748E+06  0.1284E+06  0.3068E+06  0.4840E+04  0.0000E+00  0.0000E+00
       1       65       65        0        0        0                         0.2959E+09  0.7174E+05  0.1274E+06  0.8692E+05  0.5100E+06  0.9012E+04  0.0000E+00  0.0000E+00
       1       66       66        0        0        0                         0.1567E+08  0.1185E+05  0.1383E+05  0.9626E+04  0.2832E+05  0.5418E+03  0.0000E+00  0.0000E+00
       1       67       67        0        0        0                         0.1053E+09  0.8826E+05  0.9925E+05  0.7256E+05  0.1969E+06  0.3065E+04  0.0000E+00  0.0000E+00
       1       68       68        0        0        0                         0.6388E+09  0.1216E+08  0.1471E+07  0.6522E+06  0.4659E+05  0.2622E+03  0.0000E+00  0.0000E+00
       1       69       69        0        0        0                         0.8492E+08  0.1586E+06  0.1155E+06  0.8006E+05  0.1633E+06  0.1472E+04  0.0000E+00  0.0000E+00
       1       70       70        0        0        0                         0.9601E+09  0.1687E+09  0.2268E+07  0.8539E+06  0.7273E+05  0.9482E+02  0.0000E+00  0.0000E+00
       1       71       71        0        0        0                         0.7632E+09  0.2437E+08  0.1628E+07  0.7265E+06  0.5817E+05  0.1936E+03  0.0000E+00  0.0000E+00
       1       72       72        0        0        0                         0.1122E+10  0.2756E+08  0.2513E+07  0.1117E+07  0.8537E+05  0.3674E+03  0.0000E+00  0.0000E+00
       1       73       73        0        0        0                         0.2658E+10  0.6419E+07  0.4743E+07  0.3736E+07  0.5743E+07  0.4287E+05  0.0000E+00  0.0000E+00
       1       74       74        0        0        0                         0.1276E+10  0.2265E+07  0.1904E+07  0.1436E+07  0.2524E+07  0.2585E+05  0.0000E+00  0.0000E+00
       1       75       75        0        0        0                         0.1165E+10  0.2510E+07  0.1781E+07  0.1329E+07  0.2340E+07  0.1786E+05  0.0000E+00  0.0000E+00
       1       76       76        0        0        0                         0.5279E+09  0.9192E+06  0.7766E+06  0.5791E+06  0.1098E+07  0.9544E+04  0.0000E+00  0.0000E+00
       1       77       77        0        0        0                         0.6422E+09  0.2348E+06  0.4182E+06  0.3041E+06  0.1369E+07  0.2343E+05  0.0000E+00  0.0000E+00
       1       78       78        0        0        0                         0.4893E+09  0.6531E+06  0.6728E+06  0.5048E+06  0.9818E+06  0.1186E+05  0.0000E+00  0.0000E+00
       1       79       79        0        0        0                         0.8956E+09  0.2897E+08  0.1988E+07  0.8879E+06  0.6825E+05  0.2543E+03  0.0000E+00  0.0000E+00
       1       80       80        0        0        0                         0.5413E+09  0.4999E+06  0.6404E+06  0.4810E+06  0.1077E+07  0.1564E+05  0.0000E+00  0.0000E+00
       1       81       81        0        0        0                         0.5351E+09  0.4051E+06  0.5513E+06  0.4091E+06  0.1099E+07  0.1526E+05  0.0000E+00  0.0000E+00
       1       82       82        0        0        0                         0.1272E+10  0.1169E+07  0.1458E+07  0.1079E+07  0.2613E+07  0.3313E+05  0.0000E+00  0.0000E+00
       1       83       83        0        0        0                         0.1139E+10  0.7878E+06  0.1119E+07  0.8271E+06  0.2335E+07  0.3488E+05  0.0000E+00  0.0000E+00
       1       84       84        0        0        0                         0.1618E+10  0.1325E+07  0.1785E+07  0.1329E+07  0.3368E+07  0.4487E+05  0.0000E+00  0.0000E+00
       1       85       85        0        0        0                         0.7659E+09  0.6083E+06  0.8256E+06  0.6147E+06  0.1718E+07  0.2248E+05  0.0000E+00  0.0000E+00
       1       86       86        0        0        0                         0.5424E+09  0.3435E+06  0.5095E+06  0.3797E+06  0.1099E+07  0.1739E+05  0.0000E+00  0.0000E+00
       1       87       87        0        0        0                         0.5336E+09  0.3837E+06  0.5451E+06  0.4077E+06  0.1081E+07  0.1683E+05  0.0000E+00  0.0000E+00
       1       88       88        0        0        0                         0.6332E+09  0.3657E+06  0.5735E+06  0.4240E+06  0.1405E+07  0.2148E+05  0.0000E+00  0.0000E+00
       1       89       89        0        0        0                         0.3803E+09  0.2911E+06  0.3747E+06  0.2810E+06  0.7700E+06  0.1204E+05  0.0000E+00  0.0000E+00
       1       90       90        0        0        0                         0.7344E+09  0.8379E+06  0.8460E+06  0.6077E+06  0.1454E+07  0.1616E+05  0.0000E+00  0.0000E+00
       1       91       91        0        0        0                         0.3732E+09  0.2167E+06  0.2999E+06  0.2113E+06  0.7279E+06  0.1062E+05  0.0000E+00  0.0000E+00
       1       92       92        0        0        0                         0.8271E+09  0.3635E+06  0.6149E+06  0.4557E+06  0.1887E+07  0.3205E+05  0.0000E+00  0.0000E+00
       1       93       93        0        0        0                         0.4318E+09  0.2626E+06  0.3820E+06  0.2831E+06  0.8541E+06  0.1563E+05  0.0000E+00  0.0000E+00
       1       94       94        0        0        0                         0.9063E+09  0.3394E+06  0.6101E+06  0.4525E+06  0.1982E+07  0.3638E+05  0.0000E+00  0.0000E+00
       1       95       95        0        0        0                         0.5493E+09  0.3620E+06  0.4772E+06  0.3376E+06  0.1069E+07  0.1498E+05  0.0000E+00  0.0000E+00
       1       96       96        0        0        0                         0.7903E+09  0.1035E+07  0.9544E+06  0.6850E+06  0.1524E+07  0.1657E+05  0.0000E+00  0.0000E+00
       1       97       97        0        0        0                         0.4674E+09  0.6585E+05  0.1490E+06  0.1081E+06  0.8617E+06  0.2281E+05  0.0000E+00  0.0000E+00
       1       98       98        0        0        0                         0.6100E+09  0.5529E+06  0.6140E+06  0.4337E+06  0.1080E+07  0.1369E+05  0.0000E+00  0.0000E+00
       1       99       99        0        0        0                         0.7529E+09  0.1771E+06  0.3584E+06  0.2620E+06  0.1433E+07  0.3312E+05  0.0000E+00  0.0000E+00
       1      100      100        0        0        0                         0.8455E+09  0.9917E+05  0.2184E+06  0.1553E+06  0.1349E+07  0.3445E+05  0.0000E+00  0.0000E+00
       1      101      101        0        0        0                         0.6301E+09  0.2020E+06  0.3460E+06  0.2398E+06  0.1017E+07  0.1999E+05  0.0000E+00  0.0000E+00
       1      102      102        0        0        0                         0.1020E+10  0.7583E+06  0.9066E+06  0.6370E+06  0.1806E+07  0.2311E+05  0.0000E+00  0.0000E+00
       1      103      103        0        0        0                         0.6650E+09  0.1791E+07  0.1014E+07  0.6859E+06  0.1238E+07  0.7897E+04  0.0000E+00  0.0000E+00
       1      104      104        0        0        0                         0.5728E+09  0.4130E+06  0.5478E+06  0.4053E+06  0.1012E+07  0.1620E+05  0.0000E+00  0.0000E+00
       1      105      105        0        0        0                         0.5413E+09  0.6653E+06  0.6336E+06  0.4390E+06  0.9825E+06  0.9979E+04  0.0000E+00  0.0000E+00
       1      106      106        0        0        0                         0.5615E+09  0.4201E+06  0.5414E+06  0.3989E+06  0.1022E+07  0.1510E+05  0.0000E+00  0.0000E+00
       1      107      107        0        0        0                         0.1215E+10  0.5870E+06  0.8339E+06  0.5862E+06  0.2226E+07  0.3286E+05  0.0000E+00  0.0000E+00
       1      108      108        0        0        0                         0.1020E+10  0.1140E+07  0.1114E+07  0.7795E+06  0.1867E+07  0.1960E+05  0.0000E+00  0.0000E+00
       1      109      109        0        0        0                         0.6456E+09  0.1401E+07  0.9190E+06  0.6362E+06  0.1214E+07  0.8589E+04  0.0000E+00  0.0000E+00
       1      110      110        0        0        0                         0.5207E+09  0.2008E+06  0.3347E+06  0.2404E+06  0.8597E+06  0.1777E+05  0.0000E+00  0.0000E+00
       1      111      111        0        0        0                         0.5148E+09  0.1684E+06  0.2888E+06  0.2015E+06  0.9465E+06  0.1548E+05  0.0000E+00  0.0000E+00
       1      112      112        0        0        0                         0.4782E+09  0.2431E+06  0.3730E+06  0.2726E+06  0.8203E+06  0.1542E+05  0.0000E+00  0.0000E+00
       1      113      113        0        0        0                         0.3784E+09  0.2060E+06  0.2906E+06  0.2035E+06  0.6973E+06  0.1054E+05  0.0000E+00  0.0000E+00
       1      114      114        0        0        0                         0.3747E+09  0.1597E+06  0.2595E+06  0.1885E+06  0.6568E+06  0.1252E+05  0.0000E+00  0.0000E+00
       1      115      115        0        0        0                         0.3613E+09  0.1720E+06  0.2654E+06  0.1862E+06  0.6752E+06  0.1002E+05  0.0000E+00  0.0000E+00
       1      116      116        0        0        0                         0.9443E+09  0.1930E+07  0.1294E+07  0.8937E+06  0.1747E+07  0.1401E+05  0.0000E+00  0.0000E+00
       1      117      117        0        0        0                         0.5227E+09  0.4858E+06  0.5302E+06  0.3672E+06  0.9810E+06  0.1127E+05  0.0000E+00  0.0000E+00
       1      118      118        0        0        0                         0.3658E+09  0.1824E+06  0.2665E+06  0.1943E+06  0.6683E+06  0.1153E+05  0.0000E+00  0.0000E+00
       1      119      119        0        0        0                         0.6563E+09  0.6330E+06  0.6767E+06  0.4771E+06  0.1272E+07  0.1399E+05  0.0000E+00  0.0000E+00
       1      120      120        0        0        0                         0.3938E+09  0.1943E+06  0.2791E+06  0.2022E+06  0.7249E+06  0.1240E+05  0.0000E+00  0.0000E+00
       1      121      121        0        0        0                         0.5269E+09  0.2786E+06  0.3933E+06  0.2766E+06  0.9322E+06  0.1502E+05  0.0000E+00  0.0000E+00
       1      122      122        0        0        0                         0.9843E+09  0.2991E+06  0.5309E+06  0.3853E+06  0.1742E+07  0.3474E+05  0.0000E+00  0.0000E+00
       1      123      123        0        0        0                         0.3471E+09  0.1198E+06  0.1921E+06  0.1338E+06  0.6136E+06  0.1070E+05  0.0000E+00  0.0000E+00
       1      124      124        0        0        0                         0.4345E+09  0.1891E+07  0.7302E+06  0.4765E+06  0.8405E+06  0.4077E+04  0.0000E+00  0.0000E+00
       1      125      125        0        0        0                         0.7508E+09  0.2998E+06  0.4644E+06  0.3246E+06  0.1389E+07  0.2185E+05  0.0000E+00  0.0000E+00
       1      126      126        0        0        0                         0.5000E+09  0.6024E+06  0.5956E+06  0.4131E+06  0.9607E+06  0.9102E+04  0.0000E+00  0.0000E+00
       1      127      127        0        0        0                         0.7625E+09  0.6183E+06  0.7215E+06  0.5096E+06  0.1406E+07  0.1771E+05  0.0000E+00  0.0000E+00
       1      128      128        0        0        0                         0.7936E+09  0.1602E+07  0.1118E+07  0.7685E+06  0.1519E+07  0.1065E+05  0.0000E+00  0.0000E+00
       1      129      129        0        0        0                         0.9770E+09  0.4290E+07  0.1670E+07  0.1065E+07  0.1894E+07  0.8005E+04  0.0000E+00  0.0000E+00
       1      130      130        0        0        0                         0.5903E+09  0.3654E+06  0.4767E+06  0.3339E+06  0.1090E+07  0.1429E+05  0.0000E+00  0.0000E+00
       1      131      131        0        0        0                         0.1108E+10  0.3198E+06  0.5423E+06  0.3797E+06  0.1995E+07  0.3414E+05  0.0000E+00  0.0000E+00
       1      132      132        0        0        0                         0.9022E+09  0.1435E+07  0.1167E+07  0.8052E+06  0.1745E+07  0.1385E+05  0.0000E+00  0.0000E+00
       1      133      133        0        0        0                         0.5220E+09  0.1534E+06  0.2622E+06  0.1819E+06  0.9286E+06  0.1626E+05  0.0000E+00  0.0000E+00
       1      134      134        0        0        0                         0.1575E+10  0.5946E+06  0.9083E+06  0.6315E+06  0.2907E+07  0.4347E+05  0.0000E+00  0.0000E+00
       1      135      135        0        0        0                         0.3684E+09  0.4264E+06  0.4261E+06  0.2941E+06  0.7147E+06  0.6569E+04  0.0000E+00  0.0000E+00
       1      136      136        0        0        0                         0.6508E+09  0.2064E+06  0.3409E+06  0.2363E+06  0.1169E+07  0.1984E+05  0.0000E+00  0.0000E+00
       1      137      137        0        0        0                         0.1042E+10  0.9732E+06  0.1077E+07  0.7441E+06  0.1998E+07  0.2047E+05  0.0000E+00  0.0000E+00
       1      138      138        0        0        0                         0.5029E+09  0.1820E+06  0.2850E+06  0.1973E+06  0.9342E+06  0.1456E+05  0.0000E+00  0.0000E+00
       1      139      139        0        0        0                         0.6556E+09  0.2410E+06  0.3809E+06  0.2620E+06  0.1303E+07  0.1874E+05  0.0000E+00  0.0000E+00
       2      140       70       70       70        0                         0.2087E+10  0.1687E+09  0.2261E+07  0.8503E+06  0.2553E+06  0.1770E+14  0.0000E+00  0.0000E+00
       2      141       71       71       71        0                         0.9966E+09  0.2437E+08  0.1608E+07  0.7142E+06  0.6110E+05  0.1109E+13  0.0000E+00  0.0000E+00
       2      142       72       72       72        0                         0.1315E+10  0.2756E+08  0.2402E+07  0.1055E+07  0.7313E+05  0.5128E+12  0.0000E+00  0.0000E+00
       2      143       73       73       73        0                         0.3406E+10  0.6335E+07  0.1159E+08  0.8301E+07  0.3660E+07  0.4202E+11  0.0000E+00  0.0000E+00
       2      144       74       74       74        0                         0.1816E+10  0.2265E+07  0.1827E+07  0.1351E+07  0.1615E+07  0.2407E+11  0.0000E+00  0.0000E+00
       2      145       75       75       75        0                         0.5468E+09  0.2425E+07  0.1660E+07  0.1204E+07  0.4686E+06  0.6039E+04  0.0000E+00  0.0000E+00
       2      146       76       76       76        0                         0.6672E+09  0.9192E+06  0.7728E+06  0.5751E+06  0.8852E+06  0.1093E+05  0.0000E+00  0.0000E+00
       2      147       77       77       77        0                         0.8874E+08  0.1716E+06  0.3216E+06  0.2104E+06  0.1825E+06  0.1930E+05  0.0000E+00  0.0000E+00
       2      148       78       78       78        0                         0.1748E+10  0.6531E+06  0.6679E+06  0.4995E+06  0.1046E+07  0.2285E+05  0.0000E+00  0.0000E+00
       2      149       79       79       79        0                         0.3927E+09  0.2889E+08  0.6635E+07  0.2834E+07  0.6357E+05  0.2474E+09  0.0000E+00  0.0000E+00
       2      150       80       80       80        0                         0.9739E+08  0.4596E+06  0.5063E+06  0.3586E+06  0.1663E+06  0.1139E+09  0.0000E+00  0.0000E+00
       2      151       81       81       81        0                         0.8263E+09  0.4051E+06  0.5418E+06  0.3991E+06  0.6637E+06  0.1024E+05  0.0000E+00  0.0000E+00
       2      152       82       82       82        0                         0.2346E+10  0.1169E+07  0.1374E+07  0.9948E+06  0.1684E+07  0.7349E+05  0.0000E+00  0.0000E+00
       2      153       83       83       83        0                         0.2340E+10  0.7878E+06  0.1081E+07  0.7873E+06  0.1520E+07  0.1388E+13  0.0000E+00  0.0000E+00
       2      154       84       84       84        0                         0.3511E+10  0.1325E+07  0.1692E+07  0.1230E+07  0.2430E+07  0.6974E+05  0.0000E+00  0.0000E+00
       2      155       85       85       85        0                         0.1056E+10  0.6079E+06  0.8132E+06  0.5977E+06  0.1194E+07  0.7438E+05  0.0000E+00  0.0000E+00
       2      156       86       86       86        0                         0.4478E+09  0.3413E+06  0.5198E+06  0.3815E+06  0.5210E+06  0.7252E+04  0.0000E+00  0.0000E+00
       2      157       87       87       87        0                         0.3338E+09  0.3831E+06  0.5752E+06  0.4279E+06  0.9944E+06  0.6212E+04  0.0000E+00  0.0000E+00
       2      158       88       88       88        0                         0.1393E+10  0.3657E+06  0.5585E+06  0.4086E+06  0.9530E+06  0.2654E+05  0.0000E+00  0.0000E+00
       2      159       89       89       89        0                         0.3803E+09  0.2911E+06  0.3744E+06  0.2808E+06  0.7699E+06  0.1219E+05  0.0000E+00  0.0000E+00
       2      160       90       90       90        0                         0.3454E+09  0.8332E+06  0.1423E+07  0.1022E+07  0.8873E+06  0.2859E+14  0.0000E+00  0.0000E+00
       2      161       91       91       91        0                         0.2716E+09  0.2167E+06  0.2993E+06  0.2103E+06  0.4768E+06  0.7493E+10  0.0000E+00  0.0000E+00
       2      162       92       92       92        0                         0.1820E+10  0.3635E+06  0.6010E+06  0.4409E+06  0.1514E+07  0.3702E+05  0.0000E+00  0.0000E+00
       2      163       93       93       93        0                         0.5591E+09  0.2626E+06  0.3814E+06  0.2825E+06  0.8558E+06  0.1811E+05  0.0000E+00  0.0000E+00
       2      164       94       94       94        0                         0.1757E+10  0.3394E+06  0.5697E+06  0.4118E+06  0.1309E+07  0.4358E+05  0.0000E+00  0.0000E+00
       2      165       95       95       95        0                         0.2791E+09  0.3616E+06  0.4884E+06  0.3416E+06  0.7111E+06  0.5221E+16  0.0000E+00  0.0000E+00
       2      166       96       96       96        0                         0.5055E+09  0.1034E+07  0.9602E+06  0.6784E+06  0.7939E+06  0.2793E+06  0.0000E+00  0.0000E+00
       2      167       97       97       97        0                         0.9162E+08  0.4524E+05  0.1028E+06  0.7144E+05  0.1571E+06  0.1214E+05  0.0000E+00  0.0000E+00
       2      168       98       98       98        0                         0.1757E+10  0.5529E+06  0.6060E+06  0.4252E+06  0.9437E+06  0.1132E+11  0.0000E+00  0.0000E+00
       2      169       99       99       99        0                         0.8550E+09  0.1771E+06  0.3418E+06  0.2448E+06  0.9856E+06  0.1630E+06  0.0000E+00  0.0000E+00
       2      170      100      100      100        0                         0.2198E+09  0.7162E+05  0.1823E+06  0.1222E+06  0.3021E+06  0.2387E+05  0.0000E+00  0.0000E+00
       2      171      101      101      101        0                         0.4859E+09  0.2020E+06  0.3459E+06  0.2384E+06  0.7351E+06  0.4200E+14  0.0000E+00  0.0000E+00
       2      172      102      102      102        0                         0.5301E+09  0.7255E+06  0.9184E+06  0.6008E+06  0.7445E+06  0.1242E+11  0.0000E+00  0.0000E+00
       2      173      103      103      103        0                         0.6779E+09  0.1791E+07  0.9869E+06  0.6639E+06  0.1237E+07  0.1413E+05  0.0000E+00  0.0000E+00
       2      174      104      104      104        0                         0.1178E+10  0.4130E+06  0.5241E+06  0.3806E+06  0.7759E+06  0.2566E+05  0.0000E+00  0.0000E+00
       2      175      105      105      105        0                         0.2208E+09  0.6329E+06  0.4698E+06  0.3158E+06  0.1815E+06  0.8703E+04  0.0000E+00  0.0000E+00
       2      176      106      106      106        0                         0.1688E+10  0.4201E+06  0.5310E+06  0.3876E+06  0.9863E+06  0.3801E+05  0.0000E+00  0.0000E+00
       2      177      107      107      107        0                         0.2370E+10  0.5870E+06  0.7827E+06  0.5358E+06  0.1473E+07  0.4670E+12  0.0000E+00  0.0000E+00
       2      178      108      108      108        0                         0.1023E+10  0.1140E+07  0.1043E+07  0.7135E+06  0.1864E+07  0.4072E+05  0.0000E+00  0.0000E+00
       2      179      109      109      109        0                         0.1106E+10  0.1401E+07  0.8976E+06  0.6164E+06  0.8144E+06  0.1356E+05  0.0000E+00  0.0000E+00
       2      180      110      110      110        0                         0.2899E+09  0.1995E+06  0.4521E+06  0.3082E+06  0.1386E+07  0.2041E+06  0.0000E+00  0.0000E+00
       2      181      111      111      111        0                         0.7452E+08  0.1456E+06  0.2777E+06  0.1798E+06  0.1093E+06  0.2249E+06  0.0000E+00  0.0000E+00
       2      182      112      112      112        0                         0.8215E+09  0.2431E+06  0.3703E+06  0.2697E+06  0.8107E+06  0.2027E+06  0.0000E+00  0.0000E+00
       2      183      113      113      113        0                         0.3751E+09  0.2060E+06  0.2874E+06  0.2006E+06  0.4555E+06  0.1021E+05  0.0000E+00  0.0000E+00
       2      184      114      114      114        0                         0.3819E+09  0.1597E+06  0.2592E+06  0.1882E+06  0.6579E+06  0.1630E+05  0.0000E+00  0.0000E+00
       2      185      115      115      115        0                         0.3113E+09  0.1720E+06  0.2649E+06  0.1857E+06  0.5992E+06  0.8438E+04  0.0000E+00  0.0000E+00
       2      186      116      116      116        0                         0.3617E+09  0.1905E+07  0.1392E+07  0.9159E+06  0.4496E+06  0.2268E+05  0.0000E+00  0.0000E+00
       2      187      117      117      117        0                         0.1162E+10  0.4858E+06  0.5243E+06  0.3615E+06  0.9907E+06  0.1549E+05  0.0000E+00  0.0000E+00
       2      188      118      118      118        0                         0.3976E+09  0.1824E+06  0.2612E+06  0.1896E+06  0.4811E+06  0.1142E+05  0.0000E+00  0.0000E+00
       2      189      119      119      119        0                         0.6876E+09  0.6330E+06  0.6297E+06  0.4335E+06  0.1267E+07  0.2809E+05  0.0000E+00  0.0000E+00
       2      190      120      120      120        0                         0.6289E+09  0.1943E+06  0.2751E+06  0.1982E+06  0.7231E+06  0.1414E+05  0.0000E+00  0.0000E+00
       2      191      121      121      121        0                         0.1080E+10  0.2786E+06  0.3887E+06  0.2718E+06  0.9105E+06  0.1741E+05  0.0000E+00  0.0000E+00
       2      192      122      122      122        0                         0.1993E+10  0.2991E+06  0.5016E+06  0.3563E+06  0.1705E+07  0.4613E+05  0.0000E+00  0.0000E+00
       2      193      123      123      123        0                         0.3489E+09  0.1198E+06  0.1870E+06  0.1294E+06  0.6139E+06  0.1170E+05  0.0000E+00  0.0000E+00
       2      194      124      124      124        0                         0.6918E+09  0.1891E+07  0.7265E+06  0.4730E+06  0.8447E+06  0.8521E+04  0.0000E+00  0.0000E+00
       2      195      125      125      125        0                         0.1096E+10  0.2998E+06  0.4450E+06  0.3065E+06  0.9395E+06  0.2390E+05  0.0000E+00  0.0000E+00
       2      196      126      126      126        0                         0.1176E+10  0.6024E+06  0.5920E+06  0.4094E+06  0.9580E+06  0.1152E+05  0.0000E+00  0.0000E+00
       2      197      127      127      127        0                         0.1598E+10  0.6183E+06  0.7036E+06  0.4918E+06  0.1116E+07  0.2383E+05  0.0000E+00  0.0000E+00
       2      198      128      128      128        0                         0.2004E+10  0.1602E+07  0.1096E+07  0.7465E+06  0.1529E+07  0.2680E+05  0.0000E+00  0.0000E+00
       2      199      129      129      129        0                         0.1951E+10  0.4289E+07  0.1649E+07  0.1018E+07  0.1338E+07  0.1222E+06  0.0000E+00  0.0000E+00
       2      200      130      130      130        0                         0.7494E+09  0.3654E+06  0.4600E+06  0.3180E+06  0.6741E+06  0.2866E+05  0.0000E+00  0.0000E+00
       2      201      131      131      131        0                         0.2120E+10  0.3198E+06  0.5003E+06  0.3388E+06  0.1870E+07  0.4691E+05  0.0000E+00  0.0000E+00
       2      202      132      132      132        0                         0.4231E+09  0.1429E+07  0.1152E+07  0.7715E+06  0.7729E+06  0.5036E+05  0.0000E+00  0.0000E+00
       2      203      133      133      133        0                         0.7684E+09  0.1534E+06  0.2486E+06  0.1693E+06  0.7218E+06  0.2395E+05  0.0000E+00  0.0000E+00
       2      204      134      134      134        0                         0.2567E+10  0.5946E+06  0.8188E+06  0.5424E+06  0.2542E+07  0.7389E+05  0.0000E+00  0.0000E+00
       2      205      135      135      135        0                         0.4932E+09  0.4264E+06  0.4237E+06  0.2916E+06  0.6951E+06  0.8217E+04  0.0000E+00  0.0000E+00
       2      206      136      136      136        0                         0.5824E+09  0.2063E+06  0.3293E+06  0.2244E+06  0.9051E+06  0.2371E+05  0.0000E+00  0.0000E+00
       2      207      137      137      137        0                         0.8823E+09  0.9726E+06  0.1030E+07  0.6902E+06  0.1066E+07  0.4061E+05  0.0000E+00  0.0000E+00
       2      208      138      138      138        0                         0.6912E+09  0.1820E+06  0.2739E+06  0.1870E+06  0.9084E+06  0.2214E+05  0.0000E+00  0.0000E+00
       2      209      139      139      139        0                         0.3159E+09  0.2274E+06  0.3999E+06  0.2618E+06  0.5778E+06  0.1771E+05  0.0000E+00  0.0000E+00
       5      210       69      196        0        0                         0.1434E+10  0.7610E+06  0.7075E+06  0.4895E+06  0.1009E+07  0.2511E+05  0.0000E+00  0.0000E+00
       5      211      210      198        0        0                         0.3439E+10  0.2363E+07  0.1804E+07  0.1236E+07  0.2538E+07  0.5190E+05  0.0000E+00  0.0000E+00
       2      212       69      211       69        0                         0.3436E+10  0.2363E+07  0.1785E+07  0.1217E+07  0.2536E+07  0.6419E+05  0.0000E+00  0.0000E+00
       5      213       68      156        0        0                         0.2481E+10  0.1250E+08  0.1991E+07  0.1034E+07 -0.7198E+06  0.1266E+12  0.0000E+00  0.0000E+00
       5      214      213      157        0        0                         0.2815E+10  0.1289E+08  0.2566E+07  0.1462E+07  0.2745E+06  0.1266E+12  0.0000E+00  0.0000E+00
       2      215       68      214       68        0                         0.2814E+10  0.1289E+08  0.2481E+07  0.1400E+07  0.1622E+07  0.1279E+12  0.0000E+00  0.0000E+00
       5      216       67      190        0        0                         0.8197E+09  0.2825E+06  0.3744E+06  0.2708E+06  0.8823E+06  0.1652E+05  0.0000E+00  0.0000E+00
       5      217      216      195        0        0                         0.1916E+10  0.5824E+06  0.8193E+06  0.5773E+06  0.1822E+07  0.4042E+05  0.0000E+00  0.0000E+00
       2      218       67      217       67        0                         0.1914E+10  0.5824E+06  0.8042E+06  0.5614E+06  0.1819E+07  0.4881E+05  0.0000E+00  0.0000E+00
       5      219       66      180        0        0                         0.6445E+09  0.2114E+06  0.4659E+06  0.3178E+06  0.1409E+07  0.3771E+06  0.0000E+00  0.0000E+00
       5      220      219      184        0        0                         0.1026E+10  0.3711E+06  0.7251E+06  0.5060E+06  0.2067E+07  0.3934E+06  0.0000E+00  0.0000E+00
       2      221       66      220       66        0                         0.1026E+10  0.3711E+06  0.7213E+06  0.5021E+06  0.2095E+07  0.3998E+06  0.0000E+00  0.0000E+00
       5      222       65      206        0        0                         0.9638E+09  0.2780E+06  0.4568E+06  0.3114E+06 -0.2751E+07 -0.6897E+06  0.0000E+00  0.0000E+00
       5      223      222      209        0        0                         0.1280E+10  0.5054E+06  0.8566E+06  0.5732E+06 -0.2173E+07 -0.6720E+06  0.0000E+00  0.0000E+00
       2      224       65      223       65        0                         0.1279E+10  0.5053E+06  0.8431E+06  0.5439E+06  0.2174E+07  0.4895E+06  0.0000E+00  0.0000E+00
       5      225       63      188        0        0                         0.2182E+10  0.5187E+06  0.7945E+06  0.5731E+06  0.1578E+07  0.3251E+05  0.0000E+00  0.0000E+00
       5      226      225      192        0        0                         0.4175E+10  0.8177E+06  0.1296E+07  0.9294E+06  0.3282E+07  0.7864E+05  0.0000E+00  0.0000E+00
       2      227       63      226       63        0                         0.4173E+10  0.8177E+06  0.1183E+07  0.8170E+06  0.3245E+07  0.1224E+06  0.0000E+00  0.0000E+00
       5      228       62      189        0        0                         0.9610E+09  0.8025E+06  0.7806E+06  0.5399E+06  0.1515E+07  0.3345E+05  0.0000E+00  0.0000E+00
       5      229      228      193        0        0                         0.1310E+10  0.9223E+06  0.9677E+06  0.6693E+06  0.2129E+07  0.4515E+05  0.0000E+00  0.0000E+00
       2      230       62      229       62        0                         0.1309E+10  0.9223E+06  0.9310E+06  0.6383E+06  0.2124E+07  0.5411E+05  0.0000E+00  0.0000E+00
       5      231       61      167        0        0                         0.4409E+08  0.9024E+05  0.1394E+06  0.9841E+05 -0.1034E+07 -0.2051E+06  0.0000E+00  0.0000E+00
       5      232      231      169        0        0                         0.8991E+09  0.2673E+06  0.4812E+06  0.3432E+06 -0.4812E+05 -0.4214E+05  0.0000E+00  0.0000E+00
       2      233       61      232       61        0                         0.8985E+09  0.2673E+06  0.4732E+06  0.3357E+06  0.1174E+07  0.2159E+06  0.0000E+00  0.0000E+00
       5      234       60      207        0        0                         0.1268E+10  0.1051E+07  0.1170E+07  0.7866E+06  0.1335E+07  0.5223E+05  0.0000E+00  0.0000E+00
       5      235      234      208        0        0                         0.1960E+10  0.1233E+07  0.1444E+07  0.9736E+06  0.2243E+07  0.7437E+05  0.0000E+00  0.0000E+00
       2      236       60      235       60        0                         0.1958E+10  0.1233E+07  0.1407E+07  0.9360E+06  0.2304E+07  0.9546E+05  0.0000E+00  0.0000E+00
       5      237       59      173        0        0                         0.1027E+10  0.2330E+07  0.1483E+07  0.1018E+07  0.1351E+07  0.1495E+07  0.0000E+00  0.0000E+00
       5      238      237      178        0        0                         0.2051E+10  0.3469E+07  0.2526E+07  0.1731E+07  0.3216E+07  0.1536E+07  0.0000E+00  0.0000E+00
       2      239       59      238       59        0                         0.2049E+10  0.3469E+07  0.2419E+07  0.1640E+07  0.3195E+07  0.1600E+07  0.0000E+00  0.0000E+00
       5      240       58      194        0        0                         0.1971E+10  0.2278E+07  0.1078E+07  0.7173E+06  0.1162E+07  0.1037E+05  0.0000E+00  0.0000E+00
       5      241      240      199        0        0                         0.3922E+10  0.6566E+07  0.2728E+07  0.1736E+07  0.2501E+07  0.1326E+06  0.0000E+00  0.0000E+00
       2      242       58      241       58        0                         0.3918E+10  0.6566E+07  0.2667E+07  0.1679E+07  0.2502E+07  0.1661E+06  0.0000E+00  0.0000E+00
       5      243       56      162        0        0                         0.3232E+10  0.8233E+06  0.1134E+07  0.8431E+06  0.1823E+07  0.4100E+05  0.0000E+00  0.0000E+00
       5      244      243      164        0        0                         0.4989E+10  0.1163E+07  0.1704E+07  0.1255E+07  0.3132E+07  0.8457E+05  0.0000E+00  0.0000E+00
       2      245       56      244       56        0                         0.4984E+10  0.1163E+07  0.1664E+07  0.1211E+07  0.3129E+07  0.1092E+06  0.0000E+00  0.0000E+00
       5      246       54      147        0        0                         0.6824E+10  0.3777E+07  0.3199E+07  0.2330E+07  0.3010E+07 -0.5994E+08  0.0000E+00  0.0000E+00
       5      247      246      152        0        0                         0.9171E+10  0.4947E+07  0.4573E+07  0.3325E+07  0.4694E+07 -0.5986E+08  0.0000E+00  0.0000E+00
       2      248       54      247       54        0                         0.9167E+10  0.4947E+07  0.4302E+07  0.3033E+07  0.4683E+07  0.1198E+07  0.0000E+00  0.0000E+00
       5      249       52      201        0        0                         0.3866E+10  0.9550E+06  0.1144E+07  0.7976E+06  0.2169E+07  0.5367E+05  0.0000E+00  0.0000E+00
       5      250      249      204        0        0                         0.6433E+10  0.1550E+07  0.1963E+07  0.1340E+07  0.4711E+07  0.1276E+06  0.0000E+00  0.0000E+00
       2      251       52      250       52        0                         0.6430E+10  0.1550E+07  0.1845E+07  0.1224E+07  0.4666E+07  0.1788E+06  0.0000E+00  0.0000E+00
       5      252       50      146        0        0                         0.3746E+10  0.3840E+07  0.2550E+07  0.1842E+07  0.2014E+07 -0.6771E+07  0.0000E+00  0.0000E+00
       5      253      252      154        0        0                         0.7257E+10  0.5165E+07  0.4242E+07  0.3071E+07  0.4443E+07 -0.6701E+07  0.0000E+00  0.0000E+00
       2      254       50      253       50        0                         0.7253E+10  0.5165E+07  0.4014E+07  0.2840E+07  0.4396E+07  0.3311E+06  0.0000E+00  0.0000E+00
       5      255       49      168        0        0                         0.3511E+10  0.7755E+06  0.8951E+06  0.6297E+06  0.1608E+07  0.2018E+11  0.0000E+00  0.0000E+00
       5      256      255      172        0        0                         0.4041E+10  0.1501E+07  0.1814E+07  0.1231E+07  0.2353E+07  0.3260E+11  0.0000E+00  0.0000E+00
       2      257       49      256       49        0                         0.4038E+10  0.1501E+07  0.1796E+07  0.1212E+07  0.2351E+07  0.3259E+11  0.0000E+00  0.0000E+00
       5      258       64      221        0        0                         0.1550E+10  0.5193E+06  0.8962E+06  0.6305E+06  0.1445E+07  0.2718E+06  0.0000E+00  0.0000E+00
       5      259      258      182        0        0                         0.2371E+10  0.7624E+06  0.1266E+07  0.9002E+06  0.2255E+07  0.4745E+06  0.0000E+00  0.0000E+00
       2      260       64      259       64        0                         0.2370E+10  0.7624E+06  0.1237E+07  0.8653E+06  0.2804E+07  0.5806E+06  0.0000E+00  0.0000E+00
       5      261       55      236        0        0                         0.2777E+10  0.1539E+07  0.1821E+07  0.1219E+07  0.3112E+07  0.1479E+06  0.0000E+00  0.0000E+00
       5      262      261      205        0        0                         0.3270E+10  0.1965E+07  0.2245E+07  0.1511E+07  0.3807E+07  0.1561E+06  0.0000E+00  0.0000E+00
       2      263       55      262       55        0                         0.3268E+10  0.1965E+07  0.2169E+07  0.1437E+07  0.3790E+07  0.1942E+06  0.0000E+00  0.0000E+00
       5      264       51      239        0        0                         0.4187E+10  0.1505E+08  0.3572E+07  0.2152E+07  0.3105E+07  0.1358E+13  0.0000E+00  0.0000E+00
       5      265      264      166        0        0                         0.4693E+10  0.1608E+08  0.4532E+07  0.2831E+07  0.3899E+07  0.1358E+13  0.0000E+00  0.0000E+00
       2      266       51      265       51        0                         0.4689E+10  0.1608E+08  0.4402E+07  0.2721E+07  0.3883E+07  0.1364E+13  0.0000E+00  0.0000E+00
       5      267       48      242        0        0                         0.4714E+10  0.6654E+07  0.2756E+07  0.1740E+07  0.2574E+07  0.1729E+06  0.0000E+00  0.0000E+00
       5      268      267      187        0        0                         0.5876E+10  0.7140E+07  0.3280E+07  0.2101E+07  0.3565E+07  0.1884E+06  0.0000E+00  0.0000E+00
       2      269       48      268       48        0                         0.5872E+10  0.7140E+07  0.3250E+07  0.2071E+07  0.3573E+07  0.2103E+06  0.0000E+00  0.0000E+00
       5      270       46      257        0        0                         0.4260E+10  0.1505E+07  0.1803E+07  0.1217E+07  0.2396E+07  0.5423E+11  0.0000E+00  0.0000E+00
       5      271      270      177        0        0                         0.6630E+10  0.2092E+07  0.2585E+07  0.1753E+07  0.3870E+07  0.5212E+12  0.0000E+00  0.0000E+00
       2      272       46      271       46        0                         0.6629E+10  0.2092E+07  0.2578E+07  0.1745E+07  0.3868E+07  0.5211E+12  0.0000E+00  0.0000E+00
       5      273       44      245        0        0                         0.7288E+10  0.1539E+07  0.2183E+07  0.1600E+07  0.4016E+07  0.1699E+06  0.0000E+00  0.0000E+00
       5      274      273      158        0        0                         0.8681E+10  0.1905E+07  0.2742E+07  0.2008E+07  0.4969E+07  0.1965E+06  0.0000E+00  0.0000E+00
       2      275       44      274       44        0                         0.8673E+10  0.1905E+07  0.2699E+07  0.1961E+07  0.4963E+07  0.2273E+06  0.0000E+00  0.0000E+00
       5      276       43      227        0        0                         0.6882E+10  0.1307E+07  0.1822E+07  0.1267E+07  0.3619E+07  0.1383E+06  0.0000E+00  0.0000E+00
       5      277      276      218        0        0                         0.8796E+10  0.1889E+07  0.2626E+07  0.1828E+07  0.5438E+07  0.1871E+06  0.0000E+00  0.0000E+00
       2      278       43      277       43        0                         0.8792E+10  0.1889E+07  0.2473E+07  0.1679E+07  0.5383E+07  0.2534E+06  0.0000E+00  0.0000E+00
       5      279       41      251        0        0                         0.7066E+10  0.1980E+07  0.2172E+07  0.1453E+07  0.4836E+07  0.1785E+06  0.0000E+00  0.0000E+00
       5      280      279      191        0        0                         0.8145E+10  0.2259E+07  0.2561E+07  0.1725E+07  0.5746E+07  0.1959E+06  0.0000E+00  0.0000E+00
       2      281       41      280       41        0                         0.8136E+10  0.2259E+07  0.2503E+07  0.1666E+07  0.5737E+07  0.2323E+06  0.0000E+00  0.0000E+00
       5      282       33      254        0        0                         0.8654E+10  0.7099E+07  0.5236E+07  0.3789E+07  0.5408E+07  0.1518E+13  0.0000E+00  0.0000E+00
       5      283      282      248        0        0                         0.1782E+11  0.1205E+08  0.9537E+07  0.6822E+07  0.1009E+08  0.1518E+13  0.0000E+00  0.0000E+00
       2      284       33      283       33        0                         0.1781E+11  0.1205E+08  0.9431E+07  0.6704E+07  0.1008E+08  0.1517E+13  0.0000E+00  0.0000E+00
       5      285       57      260        0        0                         0.3030E+10  0.8117E+06  0.1310E+07  0.9175E+06  0.2761E+07  0.6026E+06  0.0000E+00  0.0000E+00
       5      286      285      174        0        0                         0.4208E+10  0.1225E+07  0.1834E+07  0.1298E+07  0.3537E+07  0.6283E+06  0.0000E+00  0.0000E+00
       2      287       57      286       57        0                         0.4205E+10  0.1225E+07  0.1810E+07  0.1273E+07  0.3659E+07  0.6653E+06  0.0000E+00  0.0000E+00
       5      288       47      263        0        0                         0.4158E+10  0.2239E+07  0.2516E+07  0.1676E+07  0.4506E+07  0.2104E+06  0.0000E+00  0.0000E+00
       5      289      288      224        0        0                         0.5437E+10  0.2744E+07  0.3359E+07  0.2220E+07  0.6680E+07  0.6999E+06  0.0000E+00  0.0000E+00
       2      290       47      289       47        0                         0.5434E+10  0.2744E+07  0.3257E+07  0.2120E+07  0.6697E+07  0.7814E+06  0.0000E+00  0.0000E+00
       5      291       45      269        0        0                         0.9272E+10  0.7976E+07  0.4151E+07  0.2696E+07  0.5095E+07  0.2452E+06  0.0000E+00  0.0000E+00
       5      292      291      186        0        0                         0.9634E+10  0.9881E+07  0.5543E+07  0.3612E+07  0.5544E+07  0.2678E+06  0.0000E+00  0.0000E+00
       2      293       45      292       45        0                         0.9625E+10  0.9881E+07  0.5383E+07  0.3456E+07  0.5538E+07  0.3647E+06  0.0000E+00  0.0000E+00
       5      294       40      275        0        0                         0.8879E+10  0.2185E+07  0.3033E+07  0.2212E+07  0.4883E+07  0.2156E+06  0.0000E+00  0.0000E+00
       5      295      294      155        0        0                         0.9935E+10  0.2793E+07  0.3846E+07  0.2810E+07  0.6076E+07  0.2900E+06  0.0000E+00  0.0000E+00
       2      296       40      295       40        0                         0.9926E+10  0.2793E+07  0.3791E+07  0.2749E+07  0.6093E+07  0.3351E+06  0.0000E+00  0.0000E+00
       5      297       35      281        0        0                         0.9350E+10  0.2702E+07  0.2937E+07  0.1975E+07  0.6114E+07  0.2376E+06  0.0000E+00  0.0000E+00
       5      298      297      197        0        0                         0.1095E+11  0.3320E+07  0.3640E+07  0.2467E+07  0.7229E+07  0.2614E+06  0.0000E+00  0.0000E+00
       2      299       35      298       35        0                         0.1094E+11  0.3320E+07  0.3601E+07  0.2427E+07  0.7223E+07  0.2941E+06  0.0000E+00  0.0000E+00
       5      300       34      278        0        0                         0.9082E+10  0.1957E+07  0.2566E+07  0.1744E+07  0.5523E+07  0.2543E+06  0.0000E+00  0.0000E+00
       5      301      300      183        0        0                         0.9457E+10  0.2163E+07  0.2854E+07  0.1944E+07  0.5979E+07  0.2645E+06  0.0000E+00  0.0000E+00
       2      302       34      301       34        0                         0.9454E+10  0.2163E+07  0.2834E+07  0.1924E+07  0.5984E+07  0.2819E+06  0.0000E+00  0.0000E+00
       5      303       53      287        0        0                         0.5163E+10  0.1762E+07  0.2682E+07  0.1899E+07  0.3250E+07  0.4542E+06  0.0000E+00  0.0000E+00
       5      304      303      176        0        0                         0.6852E+10  0.2182E+07  0.3213E+07  0.2287E+07  0.4236E+07  0.4922E+06  0.0000E+00  0.0000E+00
       2      305       53      304       53        0                         0.6849E+10  0.2182E+07  0.2891E+07  0.1956E+07  0.5307E+07  0.8164E+06  0.0000E+00  0.0000E+00
       5      306       42      290        0        0                         0.6214E+10  0.2996E+07  0.3534E+07  0.2311E+07  0.6862E+07  0.7986E+06  0.0000E+00  0.0000E+00
       5      307      306      203        0        0                         0.6982E+10  0.3150E+07  0.3782E+07  0.2481E+07  0.7584E+07  0.8225E+06  0.0000E+00  0.0000E+00
       2      308       42      307       42        0                         0.6978E+10  0.3150E+07  0.3651E+07  0.2355E+07  0.7635E+07  0.9409E+06  0.0000E+00  0.0000E+00
       5      309       37      293        0        0                         0.1258E+11  0.1116E+08  0.6400E+07  0.4162E+07  0.7023E+07  0.3958E+06  0.0000E+00  0.0000E+00
       5      310      309      179        0        0                         0.1369E+11  0.1256E+08  0.7297E+07  0.4779E+07  0.7838E+07  0.4094E+06  0.0000E+00  0.0000E+00
       2      311       37      310       37        0                         0.1367E+11  0.1256E+08  0.7181E+07  0.4662E+07  0.7828E+07  0.5033E+06  0.0000E+00  0.0000E+00
       5      312       36      296        0        0                         0.1189E+11  0.3906E+07  0.4475E+07  0.3269E+07  0.6729E+07 -0.1100E+07  0.0000E+00  0.0000E+00
       5      313      312      148        0        0                         0.1363E+11  0.4559E+07  0.5143E+07  0.3768E+07  0.7775E+07 -0.1077E+07  0.0000E+00  0.0000E+00
       2      314       36      313       36        0                         0.1362E+11  0.4559E+07  0.5071E+07  0.3688E+07  0.7771E+07  0.3219E+06  0.0000E+00  0.0000E+00
       5      315       39      308        0        0                         0.7028E+10  0.3157E+07  0.3654E+07  0.2358E+07  0.7649E+07  0.9460E+06  0.0000E+00  0.0000E+00
       5      316      315      202        0        0                         0.7451E+10  0.4586E+07  0.4807E+07  0.3129E+07  0.8422E+07  0.9964E+06  0.0000E+00  0.0000E+00
       2      317       39      316       39        0                         0.7450E+10  0.4586E+07  0.4799E+07  0.3121E+07  0.8421E+07  0.1003E+07  0.0000E+00  0.0000E+00
       5      318       32      314        0        0                         0.1560E+11  0.6006E+07  0.5809E+07  0.4234E+07  0.8201E+07  0.1241E+10  0.0000E+00  0.0000E+00
       5      319      318      151        0        0                         0.1642E+11  0.6411E+07  0.6350E+07  0.4633E+07  0.8865E+07  0.1241E+10  0.0000E+00  0.0000E+00
       2      320       32      319       32        0                         0.1641E+11  0.6411E+07  0.6250E+07  0.4521E+07  0.8896E+07  0.1240E+10  0.0000E+00  0.0000E+00
       5      321       31      311        0        0                         0.1664E+11  0.1403E+08  0.8174E+07  0.5363E+07  0.8945E+07  0.4177E+12  0.0000E+00  0.0000E+00
       5      322      321      175        0        0                         0.1686E+11  0.1467E+08  0.8644E+07  0.5679E+07  0.9126E+07  0.4177E+12  0.0000E+00  0.0000E+00
       2      323       31      322       31        0                         0.1684E+11  0.1467E+08  0.8458E+07  0.5492E+07  0.9114E+07  0.4172E+12  0.0000E+00  0.0000E+00
       5      324       30      302        0        0                         0.1071E+11  0.2231E+07  0.2939E+07  0.1997E+07  0.6416E+07  0.3595E+06  0.0000E+00  0.0000E+00
       5      325      324      305        0        0                         0.1756E+11  0.4413E+07  0.5830E+07  0.3953E+07  0.1172E+08  0.1176E+07  0.0000E+00  0.0000E+00
       2      326       30      325       30        0                         0.1755E+11  0.4413E+07  0.5778E+07  0.3899E+07  0.1172E+08  0.1218E+07  0.0000E+00  0.0000E+00
       5      327       38      317        0        0                         0.1058E+11  0.5772E+07  0.6056E+07  0.4006E+07  0.9048E+07  0.9825E+06  0.0000E+00  0.0000E+00
       5      328      327      212        0        0                         0.1401E+11  0.8135E+07  0.7841E+07  0.5223E+07  0.1158E+08  0.1047E+07  0.0000E+00  0.0000E+00
       2      329       38      328       38        0                         0.1401E+11  0.8135E+07  0.7275E+07  0.4680E+07  0.1170E+08  0.1457E+07  0.0000E+00  0.0000E+00
       5      330       29      326        0        0                         0.2260E+11  0.4851E+07  0.6390E+07  0.4329E+07  0.1322E+08  0.1474E+07  0.0000E+00  0.0000E+00
       5      331      330      170        0        0                         0.2282E+11  0.4923E+07  0.6573E+07  0.4451E+07  0.1352E+08  0.1498E+07  0.0000E+00  0.0000E+00
       2      332       29      331       29        0                         0.2279E+11  0.4923E+07  0.6432E+07  0.4308E+07  0.1351E+08  0.1611E+07  0.0000E+00  0.0000E+00
       5      333       28      320        0        0                         0.1674E+11  0.6828E+07  0.6505E+07  0.4712E+07  0.8750E+07  0.1779E+13  0.0000E+00  0.0000E+00
       5      334      333      150        0        0                         0.1684E+11  0.7288E+07  0.7011E+07  0.5070E+07  0.8916E+07  0.1779E+13  0.0000E+00  0.0000E+00
       2      335       28      334       28        0                         0.1682E+11  0.7288E+07  0.6873E+07  0.4918E+07  0.8951E+07  0.1889E+13  0.0000E+00  0.0000E+00
       5      336       26      323        0        0                         0.1965E+11  0.1571E+08  0.9400E+07  0.6166E+07  0.1020E+08  0.3198E+16  0.0000E+00  0.0000E+00
       5      337      336      266        0        0                         0.2434E+11  0.3179E+08  0.1380E+08  0.8887E+07  0.1408E+08  0.3199E+16  0.0000E+00  0.0000E+00
       2      338       26      337       26        0                         0.2431E+11  0.3179E+08  0.1344E+08  0.8532E+07  0.1406E+08  0.3195E+16  0.0000E+00  0.0000E+00
       5      339       27      329        0        0                         0.1422E+11  0.1120E+08  0.7410E+07  0.4740E+07  0.1162E+08  0.1453E+07  0.0000E+00  0.0000E+00
       5      340      339      200        0        0                         0.1497E+11  0.1157E+08  0.7870E+07  0.5058E+07  0.1229E+08  0.1481E+07  0.0000E+00  0.0000E+00
       2      341       27      340       27        0                         0.1496E+11  0.1157E+08  0.7828E+07  0.5017E+07  0.1230E+08  0.1517E+07  0.0000E+00  0.0000E+00
       5      342       24      332        0        0                         0.2452E+11  0.5313E+07  0.6947E+07  0.4691E+07  0.1394E+08  0.1620E+07  0.0000E+00  0.0000E+00
       5      343      342      233        0        0                         0.2542E+11  0.5581E+07  0.7421E+07  0.5026E+07  0.1511E+08  0.1836E+07  0.0000E+00  0.0000E+00
       2      344       24      343       24        0                         0.2539E+11  0.5581E+07  0.7204E+07  0.4804E+07  0.1515E+08  0.2022E+07  0.0000E+00  0.0000E+00
       5      345       23      338        0        0                         0.2582E+11  0.3180E+08  0.1347E+08  0.8548E+07  0.1426E+08  0.3745E+16  0.0000E+00  0.0000E+00
       5      346      345      165        0        0                         0.2610E+11  0.3217E+08  0.1396E+08  0.8890E+07  0.1497E+08  0.8966E+16  0.0000E+00  0.0000E+00
       2      347       23      346       23        0                         0.2608E+11  0.3217E+08  0.1381E+08  0.8749E+07  0.1496E+08  0.8962E+16  0.0000E+00  0.0000E+00
       5      348       25      341        0        0                         0.1693E+11  0.1250E+08  0.8599E+07  0.5557E+07  0.1271E+08  0.1481E+07  0.0000E+00  0.0000E+00
       5      349      348      230        0        0                         0.1824E+11  0.1342E+08  0.9530E+07  0.6195E+07  0.1484E+08  0.1535E+07  0.0000E+00  0.0000E+00
       2      350       25      349       25        0                         0.1823E+11  0.1342E+08  0.9156E+07  0.5843E+07  0.1483E+08  0.1813E+07  0.0000E+00  0.0000E+00
       5      351       21      344        0        0                         0.2819E+11  0.3162E+08  0.9499E+07  0.5825E+07  0.1434E+08  0.1116E+11  0.0000E+00  0.0000E+00
       5      352      351      163        0        0                         0.2875E+11  0.3188E+08  0.9881E+07  0.6107E+07  0.1520E+08  0.1116E+11  0.0000E+00  0.0000E+00
       2      353       21      352       21        0                         0.2872E+11  0.3188E+08  0.9517E+07  0.5768E+07  0.1527E+08  0.1115E+11  0.0000E+00  0.0000E+00
       5      354       20      347        0        0                         0.2668E+11  0.3217E+08  0.1382E+08  0.8757E+07  0.1517E+08  0.8977E+16  0.0000E+00  0.0000E+00
       5      355      354      161        0        0                         0.2695E+11  0.3239E+08  0.1412E+08  0.8967E+07  0.1565E+08  0.8977E+16  0.0000E+00  0.0000E+00
       2      356       20      355       20        0                         0.2695E+11  0.3239E+08  0.1405E+08  0.8900E+07  0.1565E+08  0.8975E+16  0.0000E+00  0.0000E+00
       5      357       22      350        0        0                         0.1971E+11  0.1379E+08  0.9503E+07  0.6090E+07  0.1508E+08  0.1818E+07  0.0000E+00  0.0000E+00
       5      358      357      299        0        0                         0.3065E+11  0.1711E+08  0.1310E+08  0.8516E+07  0.2231E+08  0.2113E+07  0.0000E+00  0.0000E+00
       2      359       22      358       22        0                         0.3064E+11  0.1711E+08  0.1296E+08  0.8370E+07  0.2232E+08  0.2239E+07  0.0000E+00  0.0000E+00
       5      360       19      356        0        0                         0.2720E+11  0.3239E+08  0.1406E+08  0.8901E+07  0.1565E+08  0.8976E+16  0.0000E+00  0.0000E+00
       5      361      360      159        0        0                         0.2758E+11  0.3268E+08  0.1443E+08  0.9182E+07  0.1642E+08  0.8976E+16  0.0000E+00  0.0000E+00
       2      362       19      361       19        0                         0.2758E+11  0.3268E+08  0.1440E+08  0.9156E+07  0.1642E+08  0.8975E+16  0.0000E+00  0.0000E+00
       5      363       18      359        0        0                         0.3498E+11  0.1747E+08  0.1342E+08  0.8698E+07  0.2318E+08  0.3586E+07  0.0000E+00  0.0000E+00
       5      364      363      185        0        0                         0.3529E+11  0.1764E+08  0.1369E+08  0.8883E+07  0.2378E+08  0.3595E+07  0.0000E+00  0.0000E+00
       2      365       18      364       18        0                         0.3526E+11  0.1764E+08  0.1337E+08  0.8568E+07  0.2379E+08  0.3859E+07  0.0000E+00  0.0000E+00
       5      366       17      362        0        0                         0.2993E+11  0.5917E+08  0.1782E+08  0.1067E+08  0.1578E+08  0.8477E+16  0.0000E+00  0.0000E+00
       5      367      366      160        0        0                         0.3027E+11  0.6000E+08  0.1924E+08  0.1169E+08  0.1667E+08  0.8506E+16  0.0000E+00  0.0000E+00
       2      368       17      367       17        0                         0.3024E+11  0.6000E+08  0.1873E+08  0.1121E+08  0.1665E+08  0.8520E+16  0.0000E+00  0.0000E+00
       5      369       16      365        0        0                         0.3809E+11  0.1780E+08  0.1362E+08  0.8747E+07  0.2471E+08  0.3689E+14  0.0000E+00  0.0000E+00
       5      370      369      181        0        0                         0.3817E+11  0.1795E+08  0.1390E+08  0.8927E+07  0.2482E+08  0.3689E+14  0.0000E+00  0.0000E+00
       2      371       16      370       16        0                         0.3814E+11  0.1795E+08  0.1366E+08  0.8696E+07  0.2480E+08  0.3686E+14  0.0000E+00  0.0000E+00
       5      372       15      371        0        0                         0.3755E+11  0.1802E+08  0.1376E+08  0.8765E+07  0.2422E+08  0.4177E+14  0.0000E+00  0.0000E+00
       5      373      372      171        0        0                         0.3804E+11  0.1823E+08  0.1410E+08  0.9003E+07  0.2496E+08  0.8377E+14  0.0000E+00  0.0000E+00
       2      374       15      373       15        0                         0.3802E+11  0.1823E+08  0.1389E+08  0.8797E+07  0.2498E+08  0.8391E+14  0.0000E+00  0.0000E+00
       5      375       14      374        0        0                         0.3999E+11  0.4438E+08  0.1696E+08  0.1016E+08  0.2366E+08  0.7864E+14  0.0000E+00  0.0000E+00
       5      376      375      272        0        0                         0.4662E+11  0.4648E+08  0.1954E+08  0.1191E+08  0.2753E+08  0.7916E+14  0.0000E+00  0.0000E+00
       2      377       14      376       14        0                         0.4658E+11  0.4648E+08  0.1848E+08  0.1093E+08  0.2754E+08  0.8008E+14  0.0000E+00  0.0000E+00
       5      378       13      377        0        0                         0.4733E+11  0.4667E+08  0.1852E+08  0.1095E+08  0.2766E+08  0.8838E+14  0.0000E+00  0.0000E+00
       5      379      378      353        0        0                         0.7605E+11  0.7855E+08  0.2804E+08  0.1672E+08  0.4293E+08  0.8839E+14  0.0000E+00  0.0000E+00
       2      380       13      379       13        0                         0.7604E+11  0.7855E+08  0.2796E+08  0.1665E+08  0.4292E+08  0.8838E+14  0.0000E+00  0.0000E+00
       5      381       12      380        0        0                         0.7567E+11  0.7922E+08  0.2802E+08  0.1668E+08  0.4268E+08  0.5014E+14  0.0000E+00  0.0000E+00
       5      382      381      368        0        0                         0.1059E+12  0.1392E+09  0.4675E+08  0.2789E+08  0.5933E+08  0.8570E+16  0.0000E+00  0.0000E+00
       2      383       12      382       12        0                         0.1059E+12  0.1392E+09  0.4661E+08  0.2776E+08  0.5933E+08  0.8572E+16  0.0000E+00  0.0000E+00
       5      384       11      383        0        0                         0.1084E+12  0.1583E+09  0.4792E+08  0.2834E+08  0.5916E+08  0.8528E+16  0.0000E+00  0.0000E+00
       5      385      384      215        0        0                         0.1113E+12  0.1712E+09  0.5040E+08  0.2974E+08  0.6079E+08  0.8528E+16  0.0000E+00  0.0000E+00
       2      386       11      385       11        0                         0.1112E+12  0.1712E+09  0.4935E+08  0.2879E+08  0.6080E+08  0.8529E+16  0.0000E+00  0.0000E+00
       5      387       10      386        0        0                         0.1136E+12  0.1878E+09  0.5050E+08  0.2930E+08  0.6057E+08  0.8471E+16  0.0000E+00  0.0000E+00
       5      388      387      149        0        0                         0.1140E+12  0.2167E+09  0.5714E+08  0.3214E+08  0.6064E+08  0.8471E+16  0.0000E+00  0.0000E+00
       2      389       10      388       10        0                         0.1140E+12  0.2167E+09  0.5630E+08  0.3141E+08  0.6066E+08  0.8475E+16  0.0000E+00  0.0000E+00
       5      390        9      389        0        0                         0.1177E+12  0.2440E+09  0.5754E+08  0.3196E+08  0.6043E+08  0.8417E+16  0.0000E+00  0.0000E+00
       5      391      390      153        0        0                         0.1200E+12  0.2448E+09  0.5862E+08  0.3275E+08  0.6195E+08  0.8418E+16  0.0000E+00  0.0000E+00
       2      392        9      391        9        0                         0.1199E+12  0.2448E+09  0.5735E+08  0.3165E+08  0.6200E+08  0.8423E+16  0.0000E+00  0.0000E+00
       5      393        8      392        0        0                         0.1199E+12  0.2450E+09  0.5772E+08  0.3192E+08  0.6245E+08  0.8398E+16  0.0000E+00  0.0000E+00
       5      394      393      144        0        0                         0.1218E+12  0.2473E+09  0.5955E+08  0.3327E+08  0.6407E+08  0.8398E+16  0.0000E+00  0.0000E+00
       2      395        8      394        8        0                         0.1217E+12  0.2473E+09  0.5936E+08  0.3311E+08  0.6408E+08  0.8401E+16  0.0000E+00  0.0000E+00
       5      396        7      395        0        0                         0.1252E+12  0.2495E+09  0.6068E+08  0.3411E+08  0.6526E+08  0.8357E+16  0.0000E+00  0.0000E+00
       5      397      396      335        0        0                         0.1421E+12  0.2568E+09  0.6756E+08  0.3903E+08  0.7421E+08  0.8359E+16  0.0000E+00  0.0000E+00
       2      398        7      397        7        0                         0.1420E+12  0.2568E+09  0.6634E+08  0.3794E+08  0.7431E+08  0.8363E+16  0.0000E+00  0.0000E+00
       5      399        6      398        0        0                         0.1433E+12  0.2568E+09  0.6635E+08  0.3794E+08  0.7447E+08  0.8361E+16  0.0000E+00  0.0000E+00
       5      400      399      145        0        0                         0.1439E+12  0.2592E+09  0.6801E+08  0.3914E+08  0.7493E+08  0.8361E+16  0.0000E+00  0.0000E+00
       2      401        6      400        6        0                         0.1439E+12  0.2592E+09  0.6764E+08  0.3881E+08  0.7499E+08  0.8360E+16  0.0000E+00  0.0000E+00
       5      402        5      401        0        0                         0.1446E+12  0.2593E+09  0.6771E+08  0.3887E+08  0.7506E+08  0.8356E+16  0.0000E+00  0.0000E+00
       5      403      402      142        0        0                         0.1460E+12  0.2869E+09  0.7011E+08  0.3992E+08  0.7513E+08  0.8357E+16  0.0000E+00  0.0000E+00
       2      404        5      403        5        0                         0.1459E+12  0.2869E+09  0.6979E+08  0.3964E+08  0.7515E+08  0.8356E+16  0.0000E+00  0.0000E+00
       5      405        4      404        0        0                         0.1466E+12  0.2876E+09  0.7044E+08  0.4015E+08  0.7530E+08  0.8272E+16  0.0000E+00  0.0000E+00
       5      406      405      141        0        0                         0.1476E+12  0.3119E+09  0.7204E+08  0.4086E+08  0.7536E+08  0.8273E+16  0.0000E+00  0.0000E+00
       2      407        4      406        4        0                         0.1476E+12  0.3119E+09  0.7080E+08  0.3977E+08  0.7544E+08  0.8287E+16  0.0000E+00  0.0000E+00
       5      408        3      407        0        0                         0.1513E+12  0.3973E+09  0.7441E+08  0.4138E+08  0.7534E+08  0.8225E+16  0.0000E+00  0.0000E+00
       5      409      408      284        0        0                         0.1691E+12  0.4093E+09  0.8384E+08  0.4809E+08  0.8543E+08  0.8227E+16  0.0000E+00  0.0000E+00
       2      410        3      409        3        0                         0.1690E+12  0.4093E+09  0.8185E+08  0.4632E+08  0.8555E+08  0.8233E+16  0.0000E+00  0.0000E+00
       5      411        2      410        0        0                         0.1716E+12  0.4302E+09  0.8545E+08  0.4839E+08  0.8764E+08  0.8154E+16  0.0000E+00  0.0000E+00
       5      412      411      143        0        0                         0.1750E+12  0.4365E+09  0.9704E+08  0.5669E+08  0.9130E+08  0.8154E+16  0.0000E+00  0.0000E+00
       2      413        2      412        2        0                         0.1748E+12  0.4365E+09  0.9404E+08  0.5397E+08  0.9150E+08  0.8164E+16  0.0000E+00  0.0000E+00
       5      414        1      413        0        0                         0.1752E+12  0.4451E+09  0.9562E+08  0.5470E+08  0.9203E+08  0.8134E+16  0.0000E+00  0.0000E+00
       5      415      414      140        0        0                         0.1773E+12  0.6137E+09  0.9788E+08  0.5555E+08  0.9228E+08  0.8152E+16  0.0000E+00  0.0000E+00
       2      416        1      415        1        0                         0.1772E+12  0.6137E+09  0.9564E+08  0.5358E+08  0.9249E+08  0.8154E+16  0.0000E+00  0.0000E+00
      14      416        1        0        0        0                         0.1772E+12  0.6137E+09  0.9564E+08  0.5358E+08  0.9249E+08  0.8154E+16  0.0000E+00  0.0000E+00
